Determining if the Q_WS_WIN exist failed with the following output:
Change Dir: /home/huangliang/PointCloud/build/CMakeFiles/CMakeTmp

Run Build Command:"/usr/bin/make" "cmTryCompileExec3207397682/fast"
/usr/bin/make -f CMakeFiles/cmTryCompileExec3207397682.dir/build.make CMakeFiles/cmTryCompileExec3207397682.dir/build
make[1]: 正在进入目录 `/home/huangliang/PointCloud/build/CMakeFiles/CMakeTmp'
/usr/bin/cmake -E cmake_progress_report /home/huangliang/PointCloud/build/CMakeFiles/CMakeTmp/CMakeFiles 1
Building CXX object CMakeFiles/cmTryCompileExec3207397682.dir/CheckSymbolExists.cxx.o
/usr/bin/c++    -I/usr/include/qt4    -o CMakeFiles/cmTryCompileExec3207397682.dir/CheckSymbolExists.cxx.o -c /home/huangliang/PointCloud/build/CMakeFiles/CMakeTmp/CheckSymbolExists.cxx
/home/huangliang/PointCloud/build/CMakeFiles/CMakeTmp/CheckSymbolExists.cxx: In function ‘int main(int, char**)’:
/home/huangliang/PointCloud/build/CMakeFiles/CMakeTmp/CheckSymbolExists.cxx:8:19: error: ‘Q_WS_WIN’ was not declared in this scope
   return ((int*)(&Q_WS_WIN))[argc];
                   ^
make[1]:正在离开目录 `/home/huangliang/PointCloud/build/CMakeFiles/CMakeTmp'
make[1]: *** [CMakeFiles/cmTryCompileExec3207397682.dir/CheckSymbolExists.cxx.o] 错误 1
make: *** [cmTryCompileExec3207397682/fast] 错误 2

File /home/huangliang/PointCloud/build/CMakeFiles/CMakeTmp/CheckSymbolExists.cxx:
/* */
#include <QtCore/qglobal.h>

int main(int argc, char** argv)
{
  (void)argv;
#ifndef Q_WS_WIN
  return ((int*)(&Q_WS_WIN))[argc];
#else
  (void)argc;
  return 0;
#endif
}

Determining if the Q_WS_QWS exist failed with the following output:
Change Dir: /home/huangliang/PointCloud/build/CMakeFiles/CMakeTmp

Run Build Command:"/usr/bin/make" "cmTryCompileExec3647175869/fast"
/usr/bin/make -f CMakeFiles/cmTryCompileExec3647175869.dir/build.make CMakeFiles/cmTryCompileExec3647175869.dir/build
make[1]: 正在进入目录 `/home/huangliang/PointCloud/build/CMakeFiles/CMakeTmp'
/usr/bin/cmake -E cmake_progress_report /home/huangliang/PointCloud/build/CMakeFiles/CMakeTmp/CMakeFiles 1
Building CXX object CMakeFiles/cmTryCompileExec3647175869.dir/CheckSymbolExists.cxx.o
/usr/bin/c++    -I/usr/include/qt4    -o CMakeFiles/cmTryCompileExec3647175869.dir/CheckSymbolExists.cxx.o -c /home/huangliang/PointCloud/build/CMakeFiles/CMakeTmp/CheckSymbolExists.cxx
/home/huangliang/PointCloud/build/CMakeFiles/CMakeTmp/CheckSymbolExists.cxx: In function ‘int main(int, char**)’:
/home/huangliang/PointCloud/build/CMakeFiles/CMakeTmp/CheckSymbolExists.cxx:8:19: error: ‘Q_WS_QWS’ was not declared in this scope
   return ((int*)(&Q_WS_QWS))[argc];
                   ^
make[1]: *** [CMakeFiles/cmTryCompileExec3647175869.dir/CheckSymbolExists.cxx.o] 错误 1
make[1]:正在离开目录 `/home/huangliang/PointCloud/build/CMakeFiles/CMakeTmp'
make: *** [cmTryCompileExec3647175869/fast] 错误 2

File /home/huangliang/PointCloud/build/CMakeFiles/CMakeTmp/CheckSymbolExists.cxx:
/* */
#include <QtCore/qglobal.h>

int main(int argc, char** argv)
{
  (void)argv;
#ifndef Q_WS_QWS
  return ((int*)(&Q_WS_QWS))[argc];
#else
  (void)argc;
  return 0;
#endif
}

Determining if the Q_WS_MAC exist failed with the following output:
Change Dir: /home/huangliang/PointCloud/build/CMakeFiles/CMakeTmp

Run Build Command:"/usr/bin/make" "cmTryCompileExec1784730234/fast"
/usr/bin/make -f CMakeFiles/cmTryCompileExec1784730234.dir/build.make CMakeFiles/cmTryCompileExec1784730234.dir/build
make[1]: 正在进入目录 `/home/huangliang/PointCloud/build/CMakeFiles/CMakeTmp'
/usr/bin/cmake -E cmake_progress_report /home/huangliang/PointCloud/build/CMakeFiles/CMakeTmp/CMakeFiles 1
Building CXX object CMakeFiles/cmTryCompileExec1784730234.dir/CheckSymbolExists.cxx.o
/usr/bin/c++    -I/usr/include/qt4    -o CMakeFiles/cmTryCompileExec1784730234.dir/CheckSymbolExists.cxx.o -c /home/huangliang/PointCloud/build/CMakeFiles/CMakeTmp/CheckSymbolExists.cxx
/home/huangliang/PointCloud/build/CMakeFiles/CMakeTmp/CheckSymbolExists.cxx: In function ‘int main(int, char**)’:
/home/huangliang/PointCloud/build/CMakeFiles/CMakeTmp/CheckSymbolExists.cxx:8:19: error: ‘Q_WS_MAC’ was not declared in this scope
   return ((int*)(&Q_WS_MAC))[argc];
                   ^
make[1]: *** [CMakeFiles/cmTryCompileExec1784730234.dir/CheckSymbolExists.cxx.o] 错误 1
make[1]:正在离开目录 `/home/huangliang/PointCloud/build/CMakeFiles/CMakeTmp'
make: *** [cmTryCompileExec1784730234/fast] 错误 2

File /home/huangliang/PointCloud/build/CMakeFiles/CMakeTmp/CheckSymbolExists.cxx:
/* */
#include <QtCore/qglobal.h>

int main(int argc, char** argv)
{
  (void)argv;
#ifndef Q_WS_MAC
  return ((int*)(&Q_WS_MAC))[argc];
#else
  (void)argc;
  return 0;
#endif
}

